Determining if the pthread_create exist failed with the following output:
Change Dir: /home/sg/CLionProjects/sampling-based-motion-planning/build/CMakeFiles/CMakeTmp

Run Build Command:"/usr/bin/make" "cmTC_8177d/fast"
/usr/bin/make -f CMakeFiles/cmTC_8177d.dir/build.make CMakeFiles/cmTC_8177d.dir/build
make[1]: Entering directory '/home/sg/CLionProjects/sampling-based-motion-planning/build/CMakeFiles/CMakeTmp'
Building C object CMakeFiles/cmTC_8177d.dir/CheckSymbolExists.c.o
/usr/bin/cc     -o CMakeFiles/cmTC_8177d.dir/CheckSymbolExists.c.o   -c /home/sg/CLionProjects/sampling-based-motion-planning/build/CMakeFiles/CMakeTmp/CheckSymbolExists.c
Linking C executable cmTC_8177d
/usr/bin/cmake -E cmake_link_script CMakeFiles/cmTC_8177d.dir/link.txt --verbose=1
/usr/bin/cc       CMakeFiles/cmTC_8177d.dir/CheckSymbolExists.c.o  -o cmTC_8177d -rdynamic 
CMakeFiles/cmTC_8177d.dir/CheckSymbolExists.c.o: In function `main':
CheckSymbolExists.c:(.text+0x16): undefined reference to `pthread_create'
collect2: error: ld returned 1 exit status
CMakeFiles/cmTC_8177d.dir/build.make:97: recipe for target 'cmTC_8177d' failed
make[1]: *** [cmTC_8177d] Error 1
make[1]: Leaving directory '/home/sg/CLionProjects/sampling-based-motion-planning/build/CMakeFiles/CMakeTmp'
Makefile:126: recipe for target 'cmTC_8177d/fast' failed
make: *** [cmTC_8177d/fast] Error 2

File /home/sg/CLionProjects/sampling-based-motion-planning/build/CMakeFiles/CMakeTmp/CheckSymbolExists.c:
/* */
#include <pthread.h>

int main(int argc, char** argv)
{
  (void)argv;
#ifndef pthread_create
  return ((int*)(&pthread_create))[argc];
#else
  (void)argc;
  return 0;
#endif
}

Determining if the function pthread_create exists in the pthreads failed with the following output:
Change Dir: /home/sg/CLionProjects/sampling-based-motion-planning/build/CMakeFiles/CMakeTmp

Run Build Command:"/usr/bin/make" "cmTC_7e145/fast"
/usr/bin/make -f CMakeFiles/cmTC_7e145.dir/build.make CMakeFiles/cmTC_7e145.dir/build
make[1]: Entering directory '/home/sg/CLionProjects/sampling-based-motion-planning/build/CMakeFiles/CMakeTmp'
Building C object CMakeFiles/cmTC_7e145.dir/CheckFunctionExists.c.o
/usr/bin/cc    -DCHECK_FUNCTION_EXISTS=pthread_create   -o CMakeFiles/cmTC_7e145.dir/CheckFunctionExists.c.o   -c /usr/share/cmake-3.5/Modules/CheckFunctionExists.c
Linking C executable cmTC_7e145
/usr/bin/cmake -E cmake_link_script CMakeFiles/cmTC_7e145.dir/link.txt --verbose=1
/usr/bin/cc   -DCHECK_FUNCTION_EXISTS=pthread_create    CMakeFiles/cmTC_7e145.dir/CheckFunctionExists.c.o  -o cmTC_7e145 -rdynamic -lpthreads 
/usr/bin/ld: cannot find -lpthreads
collect2: error: ld returned 1 exit status
CMakeFiles/cmTC_7e145.dir/build.make:97: recipe for target 'cmTC_7e145' failed
make[1]: *** [cmTC_7e145] Error 1
make[1]: Leaving directory '/home/sg/CLionProjects/sampling-based-motion-planning/build/CMakeFiles/CMakeTmp'
Makefile:126: recipe for target 'cmTC_7e145/fast' failed
make: *** [cmTC_7e145/fast] Error 2


